2021-08-02 13:15:10 INFO  chrome driver initialized
2021-08-02 13:15:10 INFO  Window maximized
2021-08-02 13:15:15 INFO  URL launched
2021-08-02 13:15:15 INFO  driver & Browser is initialized
2021-08-02 13:15:15 INFO  user is on landing page and title is captured
2021-08-02 13:15:15 DEBUG Clicked on all cat and navigated successfully capturing the page title
2021-08-02 13:16:42 INFO  chrome driver initialized
2021-08-02 13:16:43 INFO  Window maximized
2021-08-02 13:16:47 INFO  URL launched
2021-08-02 13:16:47 INFO  driver & Browser is initialized
2021-08-02 13:16:47 INFO  user is on landing page and title is captured
2021-08-02 13:16:58 ERROR screenshot of the error is taken
2021-08-02 13:17:02 INFO  Browser is closed
2021-08-02 13:21:20 INFO  chrome driver initialized
2021-08-02 13:21:20 INFO  Window maximized
2021-08-02 13:21:25 INFO  URL launched
2021-08-02 13:21:25 INFO  driver & Browser is initialized
2021-08-02 13:21:25 INFO  user is on landing page and title is captured
2021-08-02 13:21:27 ERROR screenshot of the error is taken
2021-08-02 13:21:27 INFO  Browser is closed
2021-08-02 13:25:21 INFO  chrome driver initialized
2021-08-02 13:25:21 INFO  Window maximized
2021-08-02 13:25:26 INFO  URL launched
2021-08-02 13:25:26 INFO  driver & Browser is initialized
2021-08-02 13:25:26 INFO  user is on landing page and title is captured
2021-08-02 13:25:28 ERROR screenshot of the error is taken
2021-08-02 13:25:28 INFO  Browser is closed
2021-08-02 13:26:00 INFO  chrome driver initialized
2021-08-02 13:26:00 INFO  Window maximized
2021-08-02 13:26:04 INFO  URL launched
2021-08-02 13:26:04 INFO  driver & Browser is initialized
2021-08-02 13:26:04 INFO  user is on landing page and title is captured
2021-08-02 13:26:06 ERROR screenshot of the error is taken
2021-08-02 13:26:06 INFO  Browser is closed
2021-08-02 13:27:04 INFO  chrome driver initialized
2021-08-02 13:27:04 INFO  Window maximized
2021-08-02 13:27:09 INFO  URL launched
2021-08-02 13:27:09 INFO  driver & Browser is initialized
2021-08-02 13:27:09 INFO  user is on landing page and title is captured
2021-08-02 13:27:15 ERROR screenshot of the error is taken
2021-08-02 13:27:19 INFO  Browser is closed
2021-08-02 13:30:03 INFO  chrome driver initialized
2021-08-02 13:30:03 INFO  Window maximized
2021-08-02 13:30:07 INFO  URL launched
2021-08-02 13:30:07 INFO  driver & Browser is initialized
2021-08-02 13:30:07 INFO  user is on landing page and title is captured
2021-08-02 13:30:09 ERROR screenshot of the error is taken
2021-08-02 13:30:10 INFO  Browser is closed
2021-08-02 13:36:02 INFO  chrome driver initialized
2021-08-02 13:36:02 INFO  Window maximized
2021-08-02 13:36:07 INFO  URL launched
2021-08-02 13:36:07 INFO  driver & Browser is initialized
2021-08-02 13:36:07 INFO  user is on landing page and title is captured
2021-08-02 13:36:09 ERROR screenshot of the error is taken
2021-08-02 13:36:09 INFO  Browser is closed
2021-08-02 13:42:27 INFO  chrome driver initialized
2021-08-02 13:42:27 INFO  Window maximized
2021-08-02 13:42:32 INFO  URL launched
2021-08-02 13:42:32 INFO  driver & Browser is initialized
2021-08-02 13:42:32 INFO  user is on landing page and title is captured
2021-08-02 13:42:33 DEBUG Clicked on all cat and navigated successfully capturing the page title
2021-08-02 13:42:37 ERROR screenshot of the error is taken
2021-08-02 13:42:41 INFO  Browser is closed
2021-08-02 13:46:13 INFO  chrome driver initialized
2021-08-02 13:46:13 INFO  Window maximized
2021-08-02 13:46:17 INFO  URL launched
2021-08-02 13:46:17 INFO  driver & Browser is initialized
2021-08-02 13:46:17 INFO  user is on landing page and title is captured
2021-08-02 13:46:17 DEBUG Clicked on all cat and navigated successfully capturing the page title
2021-08-02 13:46:21 ERROR screenshot of the error is taken
2021-08-02 13:49:47 INFO  chrome driver initialized
2021-08-02 13:49:47 INFO  Window maximized
2021-08-02 13:49:52 INFO  URL launched
2021-08-02 13:49:52 INFO  driver & Browser is initialized
2021-08-02 13:49:52 INFO  user is on landing page and title is captured
2021-08-02 13:49:52 DEBUG Clicked on all cat and navigated successfully capturing the page title
2021-08-02 13:50:56 INFO  chrome driver initialized
2021-08-02 13:50:57 INFO  Window maximized
2021-08-02 13:51:02 INFO  URL launched
2021-08-02 13:51:02 INFO  driver & Browser is initialized
2021-08-02 13:51:02 INFO  user is on landing page and title is captured
2021-08-02 13:51:03 DEBUG Clicked on all cat and navigated successfully capturing the page title
2021-08-02 13:51:06 ERROR screenshot of the error is taken
2021-08-02 16:49:19 INFO  chrome driver initialized
2021-08-02 16:49:19 INFO  Window maximized
2021-08-02 16:49:25 INFO  URL launched
2021-08-02 16:49:25 INFO  driver & Browser is initialized
2021-08-02 16:49:25 INFO  user is on landing page and title is captured
2021-08-02 16:49:26 DEBUG Clicked on all cat and navigated successfully capturing the page title
2021-08-02 16:49:30 ERROR screenshot of the error is taken
2021-08-02 16:59:01 INFO  chrome driver initialized
2021-08-02 16:59:01 INFO  Window maximized
2021-08-02 16:59:11 INFO  URL launched
2021-08-02 16:59:11 INFO  driver & Browser is initialized
2021-08-02 16:59:11 INFO  user is on landing page and title is captured
2021-08-02 16:59:12 DEBUG Clicked on all cat and navigated successfully capturing the page title
2021-08-02 16:59:15 ERROR screenshot of the error is taken
2021-08-02 17:00:46 INFO  chrome driver initialized
2021-08-02 17:00:46 INFO  Window maximized
2021-08-02 17:00:50 INFO  URL launched
2021-08-02 17:00:50 INFO  driver & Browser is initialized
2021-08-02 17:00:50 INFO  user is on landing page and title is captured
2021-08-02 17:00:50 DEBUG Clicked on all cat and navigated successfully capturing the page title
2021-08-02 17:00:54 ERROR screenshot of the error is taken
2021-08-02 17:01:30 INFO  chrome driver initialized
2021-08-02 17:01:30 INFO  Window maximized
2021-08-02 17:01:34 INFO  URL launched
2021-08-02 17:01:34 INFO  driver & Browser is initialized
2021-08-02 17:01:34 INFO  user is on landing page and title is captured
2021-08-02 17:01:34 DEBUG Clicked on all cat and navigated successfully capturing the page title
2021-08-02 17:01:38 ERROR screenshot of the error is taken
2021-08-02 17:02:16 INFO  chrome driver initialized
2021-08-02 17:02:17 INFO  Window maximized
2021-08-02 17:02:21 INFO  URL launched
2021-08-02 17:02:21 INFO  driver & Browser is initialized
2021-08-02 17:02:21 INFO  user is on landing page and title is captured
2021-08-02 17:02:24 DEBUG Clicked on all cat and navigated successfully capturing the page title
2021-08-02 17:02:26 ERROR screenshot of the error is taken
2021-08-02 17:03:46 INFO  chrome driver initialized
2021-08-02 17:03:46 INFO  Window maximized
2021-08-02 17:03:50 INFO  URL launched
2021-08-02 17:03:50 INFO  driver & Browser is initialized
2021-08-02 17:03:50 INFO  user is on landing page and title is captured
2021-08-02 17:03:55 DEBUG Clicked on all cat and navigated successfully capturing the page title
2021-08-02 17:03:59 ERROR screenshot of the error is taken
2021-08-02 17:06:05 INFO  chrome driver initialized
2021-08-02 17:06:05 INFO  Window maximized
2021-08-02 17:06:09 INFO  URL launched
2021-08-02 17:06:09 INFO  driver & Browser is initialized
2021-08-02 17:06:09 INFO  user is on landing page and title is captured
2021-08-02 17:06:14 DEBUG Clicked on all cat and navigated successfully capturing the page title
2021-08-02 18:06:22 INFO  chrome driver initialized
2021-08-02 18:06:22 INFO  Window maximized
2021-08-02 18:06:27 INFO  URL launched
2021-08-02 18:06:27 INFO  driver & Browser is initialized
2021-08-02 18:06:27 INFO  user is on landing page and title is captured
2021-08-02 18:06:29 DEBUG Clicked on all cat and navigated successfully capturing the page title
2021-08-02 18:06:32 ERROR screenshot of the error is taken
2021-08-02 18:07:00 INFO  chrome driver initialized
2021-08-02 18:07:00 INFO  Window maximized
2021-08-02 18:07:05 INFO  URL launched
2021-08-02 18:07:05 INFO  driver & Browser is initialized
2021-08-02 18:07:05 INFO  user is on landing page and title is captured
2021-08-02 18:07:08 DEBUG Clicked on all cat and navigated successfully capturing the page title
2021-08-02 18:07:11 ERROR screenshot of the error is taken
2021-08-02 18:07:35 INFO  chrome driver initialized
2021-08-02 18:07:35 INFO  Window maximized
2021-08-02 18:07:39 INFO  URL launched
2021-08-02 18:07:39 INFO  driver & Browser is initialized
2021-08-02 18:07:40 INFO  user is on landing page and title is captured
2021-08-02 18:07:44 DEBUG Clicked on all cat and navigated successfully capturing the page title
2021-08-02 18:17:47 DEBUG all url's are validated
2021-08-02 18:17:47 ERROR screenshot of the error is taken
2021-08-02 18:28:21 INFO  chrome driver initialized
2021-08-02 18:28:21 INFO  Window maximized
2021-08-02 18:28:26 INFO  URL launched
2021-08-02 18:28:26 INFO  driver & Browser is initialized
2021-08-02 18:28:26 INFO  user is on landing page and title is captured
2021-08-02 18:28:27 ERROR screenshot of the error is taken
2021-08-02 18:29:30 INFO  chrome driver initialized
2021-08-02 18:29:30 INFO  Window maximized
2021-08-02 18:29:35 INFO  URL launched
2021-08-02 18:29:35 INFO  driver & Browser is initialized
2021-08-02 18:29:35 INFO  user is on landing page and title is captured
2021-08-02 18:29:39 DEBUG Clicked on all cat and navigated successfully capturing the page title
2021-08-02 18:29:43 ERROR screenshot of the error is taken
2021-08-02 18:30:01 INFO  chrome driver initialized
2021-08-02 18:30:01 INFO  Window maximized
2021-08-02 18:30:07 INFO  URL launched
2021-08-02 18:30:07 INFO  driver & Browser is initialized
2021-08-02 18:30:07 INFO  user is on landing page and title is captured
2021-08-02 18:30:11 DEBUG Clicked on all cat and navigated successfully capturing the page title
2021-08-02 18:30:15 ERROR screenshot of the error is taken
2021-08-02 18:31:56 INFO  chrome driver initialized
2021-08-02 18:31:56 INFO  Window maximized
2021-08-02 18:32:00 INFO  URL launched
2021-08-02 18:32:00 INFO  driver & Browser is initialized
2021-08-02 18:32:01 INFO  user is on landing page and title is captured
2021-08-02 18:32:01 DEBUG Clicked on all cat and navigated successfully capturing the page title
2021-08-02 18:32:05 ERROR screenshot of the error is taken
2021-08-02 18:32:24 INFO  chrome driver initialized
2021-08-02 18:32:24 INFO  Window maximized
2021-08-02 18:32:28 INFO  URL launched
2021-08-02 18:32:28 INFO  driver & Browser is initialized
2021-08-02 18:32:28 INFO  user is on landing page and title is captured
2021-08-02 18:32:28 DEBUG Clicked on all cat and navigated successfully capturing the page title
2021-08-02 18:32:33 ERROR screenshot of the error is taken
2021-08-02 18:32:51 INFO  chrome driver initialized
2021-08-02 18:32:52 INFO  Window maximized
2021-08-02 18:32:57 INFO  URL launched
2021-08-02 18:32:57 INFO  driver & Browser is initialized
2021-08-02 18:32:57 INFO  user is on landing page and title is captured
2021-08-02 18:32:57 DEBUG Clicked on all cat and navigated successfully capturing the page title
2021-08-02 18:33:01 ERROR screenshot of the error is taken
2021-08-02 18:39:08 INFO  chrome driver initialized
2021-08-02 18:39:08 INFO  Window maximized
2021-08-02 18:39:13 INFO  URL launched
2021-08-02 18:39:13 INFO  driver & Browser is initialized
2021-08-02 18:39:13 INFO  user is on landing page and title is captured
2021-08-02 18:39:13 DEBUG Clicked on all cat and navigated successfully capturing the page title
2021-08-02 18:39:17 ERROR screenshot of the error is taken
2021-08-02 18:39:50 INFO  chrome driver initialized
2021-08-02 18:39:50 INFO  Window maximized
2021-08-02 18:39:54 INFO  URL launched
2021-08-02 18:39:54 INFO  driver & Browser is initialized
2021-08-02 18:39:54 INFO  user is on landing page and title is captured
2021-08-02 18:39:59 DEBUG Clicked on all cat and navigated successfully capturing the page title
2021-08-02 18:40:33 INFO  chrome driver initialized
2021-08-02 18:40:33 INFO  Window maximized
2021-08-02 18:40:47 INFO  URL launched
2021-08-02 18:40:47 INFO  driver & Browser is initialized
2021-08-02 18:40:47 INFO  user is on landing page and title is captured
2021-08-02 18:40:47 DEBUG Clicked on all cat and navigated successfully capturing the page title
2021-08-02 18:42:51 DEBUG all url's are validated
2021-08-02 18:42:51 ERROR screenshot of the error is taken
2021-08-02 18:43:28 INFO  chrome driver initialized
2021-08-02 18:43:28 INFO  Window maximized
2021-08-02 18:43:33 INFO  URL launched
2021-08-02 18:43:33 INFO  driver & Browser is initialized
2021-08-02 18:43:33 INFO  user is on landing page and title is captured
2021-08-02 18:43:33 DEBUG Clicked on all cat and navigated successfully capturing the page title
2021-08-02 18:45:15 INFO  chrome driver initialized
2021-08-02 18:45:16 INFO  Window maximized
2021-08-02 18:45:20 INFO  URL launched
2021-08-02 18:45:20 INFO  driver & Browser is initialized
2021-08-02 18:45:20 INFO  user is on landing page and title is captured
2021-08-02 18:45:20 DEBUG Clicked on all cat and navigated successfully capturing the page title
2021-08-02 18:45:24 ERROR screenshot of the error is taken
2021-08-02 18:52:07 INFO  chrome driver initialized
2021-08-02 18:52:07 INFO  Window maximized
2021-08-02 18:52:12 INFO  URL launched
2021-08-02 18:52:12 INFO  driver & Browser is initialized
2021-08-02 18:52:12 INFO  user is on landing page and title is captured
2021-08-02 18:54:46 DEBUG Clicked on all cat and navigated successfully capturing the page title
2021-08-02 18:55:37 INFO  chrome driver initialized
2021-08-02 18:55:38 INFO  Window maximized
2021-08-02 18:55:42 INFO  URL launched
2021-08-02 18:55:42 INFO  driver & Browser is initialized
2021-08-02 18:55:42 INFO  user is on landing page and title is captured
2021-08-02 18:55:42 DEBUG Clicked on all cat and navigated successfully capturing the page title
2021-08-02 18:58:20 INFO  chrome driver initialized
2021-08-02 18:58:20 INFO  Window maximized
2021-08-02 18:58:25 INFO  URL launched
2021-08-02 18:58:25 INFO  driver & Browser is initialized
2021-08-02 18:58:25 INFO  user is on landing page and title is captured
2021-08-02 18:58:26 DEBUG Clicked on all cat and navigated successfully capturing the page title
2021-08-02 19:05:43 INFO  chrome driver initialized
2021-08-02 19:05:43 INFO  Window maximized
2021-08-02 19:05:48 INFO  URL launched
2021-08-02 19:05:48 INFO  driver & Browser is initialized
2021-08-02 19:05:48 INFO  user is on landing page and title is captured
2021-08-02 19:05:48 DEBUG Clicked on all cat and navigated successfully capturing the page title
2021-08-02 19:05:52 ERROR screenshot of the error is taken
2021-08-02 19:18:11 INFO  chrome driver initialized
2021-08-02 19:18:11 INFO  Window maximized
2021-08-02 19:18:17 INFO  URL launched
2021-08-02 19:18:17 INFO  driver & Browser is initialized
2021-08-02 19:18:17 INFO  user is on landing page and title is captured
2021-08-02 19:18:17 DEBUG Clicked on all cat and navigated successfully capturing the page title
2021-08-02 19:21:30 INFO  chrome driver initialized
2021-08-02 19:21:30 INFO  Window maximized
2021-08-02 19:21:35 INFO  URL launched
2021-08-02 19:21:35 INFO  driver & Browser is initialized
2021-08-02 19:21:35 INFO  user is on landing page and title is captured
2021-08-02 19:21:35 DEBUG Clicked on all cat and navigated successfully capturing the page title
2021-08-02 19:21:39 ERROR screenshot of the error is taken
2021-08-02 19:22:22 INFO  chrome driver initialized
2021-08-02 19:22:22 INFO  Window maximized
2021-08-02 19:22:27 INFO  URL launched
2021-08-02 19:22:27 INFO  driver & Browser is initialized
2021-08-02 19:22:27 INFO  user is on landing page and title is captured
2021-08-02 19:22:27 DEBUG Clicked on all cat and navigated successfully capturing the page title
2021-08-02 19:22:31 ERROR screenshot of the error is taken
2021-08-02 19:23:13 INFO  chrome driver initialized
2021-08-02 19:23:13 INFO  Window maximized
2021-08-02 19:23:18 INFO  URL launched
2021-08-02 19:23:18 INFO  driver & Browser is initialized
2021-08-02 19:23:18 INFO  user is on landing page and title is captured
2021-08-02 19:23:18 DEBUG Clicked on all cat and navigated successfully capturing the page title
2021-08-02 19:23:22 ERROR screenshot of the error is taken
2021-08-02 19:23:55 INFO  chrome driver initialized
2021-08-02 19:23:56 INFO  Window maximized
2021-08-02 19:24:00 INFO  URL launched
2021-08-02 19:24:00 INFO  driver & Browser is initialized
2021-08-02 19:24:00 INFO  user is on landing page and title is captured
2021-08-02 19:24:05 DEBUG Clicked on all cat and navigated successfully capturing the page title
2021-08-02 19:33:38 INFO  chrome driver initialized
2021-08-02 19:33:38 INFO  Window maximized
2021-08-02 19:33:43 INFO  URL launched
2021-08-02 19:33:43 INFO  driver & Browser is initialized
2021-08-02 19:33:43 INFO  user is on landing page and title is captured
2021-08-02 19:33:44 ERROR screenshot of the error is taken
2021-08-02 19:35:00 INFO  chrome driver initialized
2021-08-02 19:35:00 INFO  Window maximized
2021-08-02 19:35:05 INFO  URL launched
2021-08-02 19:35:05 INFO  driver & Browser is initialized
2021-08-02 19:35:05 INFO  user is on landing page and title is captured
2021-08-02 19:35:05 DEBUG Clicked on all cat and navigated successfully capturing the page title
2021-08-02 19:35:09 ERROR screenshot of the error is taken
2021-08-02 19:38:10 INFO  chrome driver initialized
2021-08-02 19:38:10 INFO  Window maximized
2021-08-02 19:38:14 INFO  URL launched
2021-08-02 19:38:14 INFO  driver & Browser is initialized
2021-08-02 19:38:15 INFO  user is on landing page and title is captured
2021-08-02 19:38:15 DEBUG Clicked on all cat and navigated successfully capturing the page title
2021-08-02 19:38:19 ERROR screenshot of the error is taken
2021-08-02 19:45:27 INFO  chrome driver initialized
2021-08-02 19:45:27 INFO  Window maximized
2021-08-02 19:45:31 INFO  URL launched
2021-08-02 19:45:31 INFO  driver & Browser is initialized
2021-08-02 19:45:32 INFO  user is on landing page and title is captured
2021-08-02 19:45:32 DEBUG Clicked on all cat and navigated successfully capturing the page title
2021-08-02 19:45:36 ERROR screenshot of the error is taken
2021-08-02 19:46:30 INFO  chrome driver initialized
2021-08-02 19:46:30 INFO  Window maximized
2021-08-02 19:46:34 INFO  URL launched
2021-08-02 19:46:34 INFO  driver & Browser is initialized
2021-08-02 19:46:34 INFO  user is on landing page and title is captured
2021-08-02 19:46:39 DEBUG Clicked on all cat and navigated successfully capturing the page title
2021-08-02 19:47:52 INFO  chrome driver initialized
2021-08-02 19:47:52 INFO  Window maximized
2021-08-02 19:47:56 INFO  URL launched
2021-08-02 19:47:56 INFO  driver & Browser is initialized
2021-08-02 19:47:57 INFO  user is on landing page and title is captured
2021-08-02 19:47:57 DEBUG Clicked on all cat and navigated successfully capturing the page title
2021-08-02 19:48:01 ERROR screenshot of the error is taken
2021-08-02 20:00:21 INFO  chrome driver initialized
2021-08-02 20:00:21 INFO  Window maximized
2021-08-02 20:00:26 INFO  URL launched
2021-08-02 20:00:26 INFO  driver & Browser is initialized
2021-08-02 20:00:26 INFO  user is on landing page and title is captured
2021-08-02 20:00:26 DEBUG Clicked on all cat and navigated successfully capturing the page title
2021-08-02 20:00:30 ERROR screenshot of the error is taken
2021-08-02 20:04:54 INFO  chrome driver initialized
2021-08-02 20:04:54 INFO  Window maximized
2021-08-02 20:04:59 INFO  URL launched
2021-08-02 20:04:59 INFO  driver & Browser is initialized
2021-08-02 20:04:59 INFO  user is on landing page and title is captured
2021-08-02 20:05:03 DEBUG Clicked on all cat and navigated successfully capturing the page title
2021-08-02 20:06:17 INFO  chrome driver initialized
2021-08-02 20:06:17 INFO  Window maximized
2021-08-02 20:06:33 INFO  URL launched
2021-08-02 20:06:33 INFO  driver & Browser is initialized
2021-08-02 20:06:34 INFO  user is on landing page and title is captured
2021-08-02 20:06:38 DEBUG Clicked on all cat and navigated successfully capturing the page title
2021-08-02 20:11:49 INFO  chrome driver initialized
2021-08-02 20:11:49 INFO  Window maximized
2021-08-02 20:11:56 INFO  URL launched
2021-08-02 20:11:56 INFO  driver & Browser is initialized
2021-08-02 20:11:56 INFO  user is on landing page and title is captured
2021-08-02 20:11:56 DEBUG Clicked on all cat and navigated successfully capturing the page title
2021-08-02 20:12:00 ERROR screenshot of the error is taken
2021-08-02 20:16:40 INFO  chrome driver initialized
2021-08-02 20:16:41 INFO  Window maximized
2021-08-02 20:16:45 INFO  URL launched
2021-08-02 20:16:45 INFO  driver & Browser is initialized
2021-08-02 20:16:45 INFO  user is on landing page and title is captured
2021-08-02 20:16:49 DEBUG Clicked on all cat and navigated successfully capturing the page title
2021-08-02 20:17:53 INFO  chrome driver initialized
2021-08-02 20:17:53 INFO  Window maximized
2021-08-02 20:17:58 INFO  URL launched
2021-08-02 20:17:58 INFO  driver & Browser is initialized
2021-08-02 20:17:58 INFO  user is on landing page and title is captured
2021-08-02 20:18:02 ERROR screenshot of the error is taken
2021-08-02 20:18:24 INFO  chrome driver initialized
2021-08-02 20:18:24 INFO  Window maximized
2021-08-02 20:18:28 INFO  URL launched
2021-08-02 20:18:28 INFO  driver & Browser is initialized
2021-08-02 20:18:29 INFO  user is on landing page and title is captured
2021-08-02 20:18:33 DEBUG Clicked on all cat and navigated successfully capturing the page title
2021-08-02 20:20:56 INFO  chrome driver initialized
2021-08-02 20:20:56 INFO  Window maximized
2021-08-02 20:21:01 INFO  URL launched
2021-08-02 20:21:01 INFO  driver & Browser is initialized
2021-08-02 20:21:01 INFO  user is on landing page and title is captured
2021-08-02 20:21:05 DEBUG Clicked on all cat and navigated successfully capturing the page title
2021-08-02 20:34:12 DEBUG all url's are validated
2021-08-02 20:34:12 ERROR screenshot of the error is taken
2021-08-02 20:34:16 INFO  Browser is closed
2021-08-03 19:21:06 INFO  chrome driver initialized
2021-08-03 19:21:06 INFO  Window maximized
2021-08-03 19:21:10 INFO  URL launched
2021-08-03 19:21:10 INFO  driver & Browser is initialized
2021-08-03 19:21:11 INFO  user is on landing page and title is captured
2021-08-03 19:21:21 ERROR screenshot of the error is taken
2021-08-03 19:21:25 INFO  Browser is closed
2021-08-03 20:19:41 INFO  chrome driver initialized
2021-08-03 20:19:41 INFO  Window maximized
2021-08-03 20:19:46 INFO  URL launched
2021-08-03 20:19:46 INFO  driver & Browser is initialized
2021-08-03 20:19:47 DEBUG clicked on login button
2021-08-03 20:19:47 INFO  Login page title grabed successfully
2021-08-03 20:19:47 DEBUG username and pwd sent
2021-08-03 20:19:47 DEBUG entered uname and pwd and clicked on login
2021-08-03 20:19:48 ERROR screenshot of the error is taken
2021-08-03 20:19:48 INFO  Browser is closed
2021-08-03 20:21:12 INFO  chrome driver initialized
2021-08-03 20:21:12 INFO  Window maximized
2021-08-03 20:21:16 INFO  URL launched
2021-08-03 20:21:16 INFO  driver & Browser is initialized
2021-08-03 20:21:16 INFO  user is on landing page and title is captured
2021-08-03 20:21:20 DEBUG Clicked on all cat and navigated successfully capturing the page title
2021-08-03 20:23:38 INFO  chrome driver initialized
2021-08-03 20:23:38 INFO  Window maximized
2021-08-03 20:23:43 INFO  URL launched
2021-08-03 20:23:43 INFO  driver & Browser is initialized
2021-08-03 20:23:43 DEBUG clicked on login button
2021-08-03 20:23:44 INFO  Login page title grabed successfully
2021-08-03 20:23:44 DEBUG username and pwd sent
2021-08-03 20:23:44 DEBUG entered uname and pwd and clicked on login
2021-08-03 20:23:45 INFO  Navigated to home page and grabed the title
2021-08-03 20:23:45 DEBUG logged out of application successfully
2021-08-03 20:23:45 ERROR screenshot of the error is taken
2021-08-03 20:23:45 INFO  Browser is closed
2021-08-03 20:23:47 INFO  chrome driver initialized
2021-08-03 20:23:47 INFO  Window maximized
2021-08-03 20:23:51 INFO  URL launched
2021-08-03 20:23:51 INFO  driver & Browser is initialized
2021-08-03 20:23:52 DEBUG clicked on login button
2021-08-03 20:23:52 INFO  Login page title grabed successfully
2021-08-03 20:23:52 DEBUG username and pwd sent
2021-08-03 20:23:52 DEBUG entered uname and pwd and clicked on login
2021-08-03 20:23:53 ERROR screenshot of the error is taken
2021-08-03 20:23:54 INFO  Browser is closed
2021-08-03 20:30:10 INFO  chrome driver initialized
2021-08-03 20:30:10 INFO  Window maximized
2021-08-03 20:30:15 INFO  URL launched
2021-08-03 20:30:15 INFO  driver & Browser is initialized
2021-08-03 20:30:15 DEBUG Moved to parent cat successfully
2021-08-03 20:30:16 DEBUG Moved to child cat successfully
2021-08-03 20:30:16 DEBUG Clicked on cat successfully
2021-08-03 20:30:16 INFO  PLP page title grabed successfully
2021-08-03 20:30:16 ERROR screenshot of the error is taken
2021-08-03 20:30:16 INFO  Browser is closed
2021-08-03 20:30:56 INFO  chrome driver initialized
2021-08-03 20:30:56 INFO  Window maximized
2021-08-03 20:31:01 INFO  URL launched
2021-08-03 20:31:01 INFO  driver & Browser is initialized
2021-08-03 20:31:02 DEBUG Moved to parent cat successfully
2021-08-03 20:31:02 DEBUG Moved to child cat successfully
2021-08-03 20:31:02 DEBUG Clicked on cat successfully
2021-08-03 20:31:02 INFO  PLP page title grabed successfully
2021-08-03 20:31:02 ERROR screenshot of the error is taken
2021-08-03 20:33:48 INFO  chrome driver initialized
2021-08-03 20:33:49 INFO  Window maximized
2021-08-03 20:33:53 INFO  URL launched
2021-08-03 20:33:53 INFO  driver & Browser is initialized
2021-08-03 20:33:53 DEBUG Moved to parent cat successfully
2021-08-03 20:33:53 DEBUG Moved to child cat successfully
2021-08-03 20:33:54 DEBUG Clicked on cat successfully
2021-08-03 20:33:54 INFO  PLP page title grabed successfully
2021-08-03 20:33:54 ERROR screenshot of the error is taken
2021-08-03 20:37:19 INFO  chrome driver initialized
2021-08-03 20:37:19 INFO  Window maximized
2021-08-03 20:37:24 INFO  URL launched
2021-08-03 20:37:24 INFO  driver & Browser is initialized
2021-08-03 20:37:24 DEBUG Moved to parent cat successfully
2021-08-03 20:37:24 INFO  PLP page title grabed successfully
2021-08-03 20:37:24 ERROR screenshot of the error is taken
2021-08-04 13:05:05 INFO  chrome driver initialized
2021-08-04 13:05:05 INFO  Window maximized
2021-08-04 13:05:09 INFO  URL launched
2021-08-04 13:05:09 INFO  driver & Browser is initialized
2021-08-04 13:05:10 ERROR screenshot of the error is taken
2021-08-04 13:07:22 INFO  chrome driver initialized
2021-08-04 13:07:22 INFO  Window maximized
2021-08-04 13:07:27 INFO  URL launched
2021-08-04 13:07:27 INFO  driver & Browser is initialized
2021-08-04 13:07:28 ERROR screenshot of the error is taken
2021-08-04 13:12:59 INFO  chrome driver initialized
2021-08-04 13:12:59 INFO  Window maximized
2021-08-04 13:13:04 INFO  URL launched
2021-08-04 13:13:04 INFO  driver & Browser is initialized
2021-08-04 13:13:04 DEBUG Moved to all cat
2021-08-04 13:13:05 INFO  PLP page title grabed successfully
2021-08-04 13:13:05 ERROR screenshot of the error is taken
2021-08-04 15:04:22 INFO  chrome driver initialized
2021-08-04 15:04:22 INFO  Window maximized
2021-08-04 15:04:27 INFO  URL launched
2021-08-04 15:04:27 INFO  driver & Browser is initialized
2021-08-04 15:04:27 DEBUG clicked on login button
2021-08-04 15:04:28 INFO  Login page title grabed successfully
2021-08-04 15:04:28 DEBUG username and pwd sent
2021-08-04 15:04:28 DEBUG entered uname and pwd and clicked on login
2021-08-04 15:04:29 INFO  Navigated to home page and grabed the title
2021-08-04 15:04:29 DEBUG Moved to all cat
2021-08-04 15:04:29 DEBUG Moved to Parent Cat
2021-08-04 15:04:29 DEBUG Moved to Child Cat
2021-08-04 15:04:29 DEBUG Clicked in child cat
2021-08-04 15:04:29 INFO  PLP page title grabed successfully
2021-08-04 15:04:29 ERROR screenshot of the error is taken
2021-08-04 15:14:10 INFO  chrome driver initialized
2021-08-04 15:14:10 INFO  Window maximized
2021-08-04 15:14:15 INFO  URL launched
2021-08-04 15:14:15 INFO  driver & Browser is initialized
2021-08-04 15:14:15 DEBUG clicked on login button
2021-08-04 15:14:16 INFO  Login page title grabed successfully
2021-08-04 15:14:16 DEBUG username and pwd sent
2021-08-04 15:14:16 DEBUG entered uname and pwd and clicked on login
2021-08-04 15:14:17 INFO  Navigated to home page and grabed the title
2021-08-04 15:14:17 DEBUG Moved to all cat
2021-08-04 15:14:17 DEBUG Moved to Parent Cat
2021-08-04 15:14:17 DEBUG Moved to Child Cat
2021-08-04 15:14:17 DEBUG Clicked in child cat
2021-08-04 15:14:17 INFO  PLP page title grabed successfully
2021-08-04 15:14:17 ERROR screenshot of the error is taken
2021-08-04 15:14:58 INFO  chrome driver initialized
2021-08-04 15:14:58 INFO  Window maximized
2021-08-04 15:15:03 INFO  URL launched
2021-08-04 15:15:03 INFO  driver & Browser is initialized
2021-08-04 15:15:03 DEBUG clicked on login button
2021-08-04 15:15:03 INFO  Login page title grabed successfully
2021-08-04 15:15:03 DEBUG username and pwd sent
2021-08-04 15:15:04 DEBUG entered uname and pwd and clicked on login
2021-08-04 15:15:04 INFO  Navigated to home page and grabed the title
2021-08-04 15:15:04 DEBUG Moved to all cat
2021-08-04 15:15:04 DEBUG Moved to Parent Cat
2021-08-04 15:15:05 DEBUG Moved to Child Cat
2021-08-04 15:15:05 DEBUG Clicked in child cat
2021-08-04 15:15:05 INFO  PLP page title grabed successfully
2021-08-04 15:15:05 DEBUG logged out of application successfully
2021-08-04 15:15:05 ERROR screenshot of the error is taken
2021-08-04 15:16:26 INFO  chrome driver initialized
2021-08-04 15:16:26 INFO  Window maximized
2021-08-04 15:16:32 INFO  URL launched
2021-08-04 15:16:32 INFO  driver & Browser is initialized
2021-08-04 15:16:32 DEBUG clicked on login button
2021-08-04 15:16:33 INFO  Login page title grabed successfully
2021-08-04 15:16:33 DEBUG username and pwd sent
2021-08-04 15:16:33 DEBUG entered uname and pwd and clicked on login
2021-08-04 15:16:34 INFO  Navigated to home page and grabed the title
2021-08-04 15:16:34 DEBUG Moved to all cat
2021-08-04 15:16:34 DEBUG Moved to Parent Cat
2021-08-04 15:16:34 DEBUG Moved to Child Cat
2021-08-04 15:16:34 DEBUG Clicked in child cat
2021-08-04 15:16:37 INFO  PLP page title grabed successfully
2021-08-04 15:16:38 DEBUG logged out of application successfully
2021-08-04 15:16:38 ERROR screenshot of the error is taken
2021-08-04 15:17:59 INFO  chrome driver initialized
2021-08-04 15:17:59 INFO  Window maximized
2021-08-04 15:18:04 INFO  URL launched
2021-08-04 15:18:04 INFO  driver & Browser is initialized
2021-08-04 15:18:04 DEBUG clicked on login button
2021-08-04 15:18:05 INFO  Login page title grabed successfully
2021-08-04 15:18:05 DEBUG username and pwd sent
2021-08-04 15:18:05 DEBUG entered uname and pwd and clicked on login
2021-08-04 15:18:06 INFO  Navigated to home page and grabed the title
2021-08-04 15:18:06 DEBUG Moved to all cat
2021-08-04 15:18:06 DEBUG Moved to Parent Cat
2021-08-04 15:18:06 DEBUG Moved to Child Cat
2021-08-04 15:18:06 DEBUG Clicked in child cat
2021-08-04 15:18:06 INFO  PLP page title grabed successfully
2021-08-04 15:18:06 ERROR screenshot of the error is taken
2021-08-04 15:18:11 INFO  Browser is closed
2021-08-04 15:23:36 INFO  chrome driver initialized
2021-08-04 15:23:36 INFO  Window maximized
2021-08-04 15:23:40 INFO  URL launched
2021-08-04 15:23:40 INFO  driver & Browser is initialized
2021-08-04 15:23:41 DEBUG clicked on login button
2021-08-04 15:23:42 INFO  Login page title grabed successfully
2021-08-04 15:23:42 DEBUG username and pwd sent
2021-08-04 15:23:42 DEBUG entered uname and pwd and clicked on login
2021-08-04 15:23:42 INFO  Navigated to home page and grabed the title
2021-08-04 15:23:43 DEBUG Moved to all cat
2021-08-04 15:23:43 DEBUG Moved to Parent Cat
2021-08-04 15:23:43 DEBUG Moved to Child Cat
2021-08-04 15:23:43 DEBUG Clicked in child cat
2021-08-04 15:23:43 INFO  PLP page title grabed successfully
2021-08-04 15:23:43 ERROR screenshot of the error is taken
2021-08-04 15:23:47 INFO  Browser is closed
2021-08-04 19:09:15 INFO  chrome driver initialized
2021-08-04 19:09:15 INFO  Window maximized
2021-08-04 19:09:20 INFO  URL launched
2021-08-04 19:09:20 INFO  driver & Browser is initialized
2021-08-04 19:09:20 DEBUG clicked on login button
2021-08-04 19:09:21 INFO  Login page title grabed successfully
2021-08-04 19:09:21 DEBUG username and pwd sent
2021-08-04 19:09:21 DEBUG entered uname and pwd and clicked on login
2021-08-04 19:09:22 ERROR screenshot of the error is taken
2021-08-04 19:09:23 INFO  Browser is closed
2021-08-04 19:09:24 INFO  chrome driver initialized
2021-08-04 19:09:24 INFO  Window maximized
2021-08-04 19:09:28 INFO  URL launched
2021-08-04 19:09:28 INFO  driver & Browser is initialized
2021-08-04 19:09:29 DEBUG clicked on login button
2021-08-04 19:09:29 INFO  Login page title grabed successfully
2021-08-04 19:09:30 DEBUG username and pwd sent
2021-08-04 19:09:30 DEBUG entered uname and pwd and clicked on login
2021-08-04 19:09:30 INFO  Navigated to home page and grabed the title
2021-08-04 19:09:30 DEBUG Moved to all cat
2021-08-04 19:09:31 DEBUG Moved to Parent Cat
2021-08-04 19:09:31 DEBUG Moved to Child Cat
2021-08-04 19:09:31 DEBUG Clicked in child cat
2021-08-04 19:09:31 INFO  PLP page title grabed successfully
2021-08-04 19:09:31 ERROR screenshot of the error is taken
2021-08-04 19:09:31 INFO  Browser is closed
2021-08-04 19:14:24 INFO  chrome driver initialized
2021-08-04 19:14:24 INFO  Window maximized
2021-08-04 19:14:29 INFO  URL launched
2021-08-04 19:14:29 INFO  driver & Browser is initialized
2021-08-04 19:14:29 DEBUG clicked on login button
2021-08-04 19:14:30 INFO  Login page title grabed successfully
2021-08-04 19:14:30 DEBUG username and pwd sent
2021-08-04 19:14:30 DEBUG entered uname and pwd and clicked on login
2021-08-04 19:14:32 ERROR screenshot of the error is taken
2021-08-04 19:14:36 INFO  Browser is closed
2021-08-04 19:14:37 INFO  chrome driver initialized
2021-08-04 19:14:37 INFO  Window maximized
2021-08-04 19:14:43 INFO  URL launched
2021-08-04 19:14:43 INFO  driver & Browser is initialized
2021-08-04 19:14:43 DEBUG clicked on login button
2021-08-04 19:14:43 INFO  Login page title grabed successfully
2021-08-04 19:14:43 DEBUG username and pwd sent
2021-08-04 19:14:43 DEBUG entered uname and pwd and clicked on login
2021-08-04 19:14:44 INFO  Navigated to home page and grabed the title
2021-08-04 19:14:44 DEBUG Moved to all cat
2021-08-04 19:14:44 DEBUG Moved to Parent Cat
2021-08-04 19:14:44 DEBUG Moved to Child Cat
2021-08-04 19:14:45 DEBUG Clicked in child cat
2021-08-04 19:14:45 INFO  PLP page title grabed successfully
2021-08-04 19:14:45 ERROR screenshot of the error is taken
2021-08-04 19:14:49 INFO  Browser is closed
2021-08-04 19:17:24 INFO  chrome driver initialized
2021-08-04 19:17:24 INFO  Window maximized
2021-08-04 19:17:28 INFO  URL launched
2021-08-04 19:17:28 INFO  driver & Browser is initialized
2021-08-04 19:17:28 DEBUG clicked on login button
2021-08-04 19:17:29 INFO  Login page title grabed successfully
2021-08-04 19:17:29 DEBUG username and pwd sent
2021-08-04 19:17:29 DEBUG entered uname and pwd and clicked on login
2021-08-04 19:17:30 INFO  Navigated to home page and grabed the title
2021-08-04 19:17:30 DEBUG logged out of application successfully
2021-08-04 19:17:30 ERROR screenshot of the error is taken
2021-08-04 19:17:35 INFO  Browser is closed
2021-08-04 19:17:36 INFO  chrome driver initialized
2021-08-04 19:17:36 INFO  Window maximized
2021-08-04 19:17:40 INFO  URL launched
2021-08-04 19:17:40 INFO  driver & Browser is initialized
2021-08-04 19:17:41 DEBUG clicked on login button
2021-08-04 19:17:41 INFO  Login page title grabed successfully
2021-08-04 19:17:41 DEBUG username and pwd sent
2021-08-04 19:17:41 DEBUG entered uname and pwd and clicked on login
2021-08-04 19:17:42 INFO  Navigated to home page and grabed the title
2021-08-04 19:17:42 DEBUG Moved to all cat
2021-08-04 19:17:42 DEBUG Moved to Parent Cat
2021-08-04 19:17:43 DEBUG Moved to Child Cat
2021-08-04 19:17:43 DEBUG Clicked in child cat
2021-08-04 19:17:43 INFO  PLP page title grabed successfully
2021-08-04 19:17:43 ERROR screenshot of the error is taken
2021-08-04 19:17:43 INFO  Browser is closed
2021-08-04 19:19:51 INFO  chrome driver initialized
2021-08-04 19:19:51 INFO  Window maximized
2021-08-04 19:19:55 INFO  URL launched
2021-08-04 19:19:55 INFO  driver & Browser is initialized
2021-08-04 19:19:56 DEBUG clicked on login button
2021-08-04 19:19:56 INFO  Login page title grabed successfully
2021-08-04 19:19:56 DEBUG username and pwd sent
2021-08-04 19:19:57 DEBUG entered uname and pwd and clicked on login
2021-08-04 19:19:57 INFO  Navigated to home page and grabed the title
2021-08-04 19:19:57 DEBUG logged out of application successfully
2021-08-04 19:19:57 ERROR screenshot of the error is taken
2021-08-04 19:20:02 INFO  Browser is closed
2021-08-04 19:20:03 INFO  chrome driver initialized
2021-08-04 19:20:03 INFO  Window maximized
2021-08-04 19:20:07 INFO  URL launched
2021-08-04 19:20:07 INFO  driver & Browser is initialized
2021-08-04 19:20:07 DEBUG clicked on login button
2021-08-04 19:20:08 INFO  Login page title grabed successfully
2021-08-04 19:20:08 DEBUG username and pwd sent
2021-08-04 19:20:08 DEBUG entered uname and pwd and clicked on login
2021-08-04 19:20:09 INFO  Navigated to home page and grabed the title
2021-08-04 19:20:09 DEBUG Moved to all cat
2021-08-04 19:20:09 DEBUG Moved to Parent Cat
2021-08-04 19:20:09 DEBUG Moved to Child Cat
2021-08-04 19:20:09 DEBUG Clicked in child cat
2021-08-04 19:20:09 INFO  PLP page title grabed successfully
2021-08-04 19:20:09 ERROR screenshot of the error is taken
2021-08-04 19:20:14 INFO  Browser is closed
2021-08-09 19:39:55 INFO  chrome driver initialized
2021-08-09 19:39:56 INFO  Window maximized
2021-08-09 19:40:00 INFO  URL launched
2021-08-09 19:40:00 INFO  driver & Browser is initialized
2021-08-09 19:40:01 DEBUG clicked on login button
2021-08-09 19:40:01 INFO  Login page title grabed successfully
2021-08-09 19:40:01 DEBUG username and pwd sent
2021-08-09 19:40:01 DEBUG entered uname and pwd and clicked on login
2021-08-09 19:40:02 INFO  Navigated to home page and grabed the title
2021-08-09 19:40:02 DEBUG Moved to all cat
2021-08-09 19:40:03 DEBUG Moved to Parent Cat
2021-08-09 19:40:03 DEBUG Moved to Child Cat
2021-08-09 19:40:03 DEBUG Clicked in child cat
2021-08-09 19:40:03 INFO  PLP page title grabed successfully
2021-08-09 19:40:05 ERROR screenshot of the error is taken
2021-08-09 19:40:09 INFO  Browser is closed
2021-08-09 19:42:18 INFO  chrome driver initialized
2021-08-09 19:42:18 INFO  Window maximized
2021-08-09 19:42:23 INFO  URL launched
2021-08-09 19:42:23 INFO  driver & Browser is initialized
2021-08-09 19:42:23 DEBUG clicked on login button
2021-08-09 19:42:24 INFO  Login page title grabed successfully
2021-08-09 19:42:24 DEBUG username and pwd sent
2021-08-09 19:42:24 DEBUG entered uname and pwd and clicked on login
2021-08-09 19:42:25 INFO  Navigated to home page and grabed the title
2021-08-09 19:42:25 DEBUG Moved to all cat
2021-08-09 19:42:25 DEBUG Moved to Parent Cat
2021-08-09 19:42:25 DEBUG Moved to Child Cat
2021-08-09 19:42:25 DEBUG Clicked in child cat
2021-08-09 19:42:25 INFO  PLP page title grabed successfully
2021-08-09 19:42:26 ERROR screenshot of the error is taken
2021-08-09 19:42:30 INFO  Browser is closed
2021-08-09 19:43:31 INFO  chrome driver initialized
2021-08-09 19:43:31 INFO  Window maximized
2021-08-09 19:43:35 INFO  URL launched
2021-08-09 19:43:35 INFO  driver & Browser is initialized
2021-08-09 19:43:36 DEBUG clicked on login button
2021-08-09 19:43:37 INFO  Login page title grabed successfully
2021-08-09 19:43:37 DEBUG username and pwd sent
2021-08-09 19:43:37 DEBUG entered uname and pwd and clicked on login
2021-08-09 19:43:38 INFO  Navigated to home page and grabed the title
2021-08-09 19:43:38 DEBUG Moved to all cat
2021-08-09 19:43:38 DEBUG Moved to Parent Cat
2021-08-09 19:43:38 DEBUG Moved to Child Cat
2021-08-09 19:43:38 DEBUG Clicked in child cat
2021-08-09 19:43:38 INFO  PLP page title grabed successfully
2021-08-09 19:43:44 ERROR screenshot of the error is taken
2021-08-09 19:43:45 INFO  Browser is closed
2021-08-09 19:44:53 INFO  chrome driver initialized
2021-08-09 19:44:53 INFO  Window maximized
2021-08-09 19:44:59 INFO  URL launched
2021-08-09 19:44:59 INFO  driver & Browser is initialized
2021-08-09 19:45:00 DEBUG clicked on login button
2021-08-09 19:45:00 INFO  Login page title grabed successfully
2021-08-09 19:45:01 DEBUG username and pwd sent
2021-08-09 19:45:01 DEBUG entered uname and pwd and clicked on login
2021-08-09 19:45:01 INFO  Navigated to home page and grabed the title
2021-08-09 19:45:01 DEBUG Moved to all cat
2021-08-09 19:45:02 DEBUG Moved to Parent Cat
2021-08-09 19:45:02 DEBUG Moved to Child Cat
2021-08-09 19:45:02 DEBUG Clicked in child cat
2021-08-09 19:45:02 INFO  PLP page title grabed successfully
2021-08-09 19:47:30 INFO  chrome driver initialized
2021-08-09 19:47:30 INFO  Window maximized
2021-08-09 19:47:34 INFO  URL launched
2021-08-09 19:47:34 INFO  driver & Browser is initialized
2021-08-09 19:47:35 DEBUG clicked on login button
2021-08-09 19:47:36 INFO  Login page title grabed successfully
2021-08-09 19:47:36 DEBUG username and pwd sent
2021-08-09 19:47:36 DEBUG entered uname and pwd and clicked on login
2021-08-09 19:47:36 INFO  Navigated to home page and grabed the title
2021-08-09 19:47:37 DEBUG Moved to all cat
2021-08-09 19:47:37 DEBUG Moved to Parent Cat
2021-08-09 19:47:37 DEBUG Moved to Child Cat
2021-08-09 19:47:37 DEBUG Clicked in child cat
2021-08-09 19:47:37 INFO  PLP page title grabed successfully
2021-08-09 19:47:43 ERROR screenshot of the error is taken
2021-08-09 19:52:57 INFO  chrome driver initialized
2021-08-09 19:52:57 INFO  Window maximized
2021-08-09 19:53:02 INFO  URL launched
2021-08-09 19:53:02 INFO  driver & Browser is initialized
2021-08-09 19:53:02 DEBUG clicked on login button
2021-08-09 19:53:03 INFO  Login page title grabed successfully
2021-08-09 19:53:03 DEBUG username and pwd sent
2021-08-09 19:53:03 DEBUG entered uname and pwd and clicked on login
2021-08-09 19:53:04 INFO  Navigated to home page and grabed the title
2021-08-09 19:53:04 DEBUG Moved to all cat
2021-08-09 19:53:04 DEBUG Moved to Parent Cat
2021-08-09 19:53:04 DEBUG Moved to Child Cat
2021-08-09 19:53:04 DEBUG Clicked in child cat
2021-08-09 19:53:04 INFO  PLP page title grabed successfully
2021-08-09 19:53:08 ERROR screenshot of the error is taken
2021-08-09 19:56:24 INFO  chrome driver initialized
2021-08-09 19:56:24 INFO  Window maximized
2021-08-09 19:56:29 INFO  URL launched
2021-08-09 19:56:29 INFO  driver & Browser is initialized
2021-08-09 19:56:30 DEBUG clicked on login button
2021-08-09 19:56:30 INFO  Login page title grabed successfully
2021-08-09 19:56:30 DEBUG username and pwd sent
2021-08-09 19:56:30 DEBUG entered uname and pwd and clicked on login
2021-08-09 19:56:31 INFO  Navigated to home page and grabed the title
2021-08-09 19:56:31 DEBUG Moved to all cat
2021-08-09 19:56:31 DEBUG Moved to Parent Cat
2021-08-09 19:56:32 DEBUG Moved to Child Cat
2021-08-09 19:56:32 DEBUG Clicked in child cat
2021-08-09 19:56:32 INFO  PLP page title grabed successfully
2021-08-09 19:56:35 ERROR screenshot of the error is taken
2021-08-10 15:11:16 INFO  chrome driver initialized
2021-08-10 15:11:16 INFO  Window maximized
2021-08-10 15:11:21 INFO  URL launched
2021-08-10 15:11:21 INFO  driver & Browser is initialized
2021-08-10 15:11:21 DEBUG clicked on login button
2021-08-10 15:11:22 INFO  Login page title grabed successfully
2021-08-10 15:11:22 DEBUG username and pwd sent
2021-08-10 15:11:22 DEBUG entered uname and pwd and clicked on login
2021-08-10 15:11:22 ERROR screenshot of the error is taken
2021-08-10 15:13:08 INFO  chrome driver initialized
2021-08-10 15:13:08 INFO  Window maximized
2021-08-10 15:13:13 INFO  URL launched
2021-08-10 15:13:13 INFO  driver & Browser is initialized
2021-08-10 15:13:13 DEBUG clicked on login button
2021-08-10 15:13:14 INFO  Login page title grabed successfully
2021-08-10 15:13:14 DEBUG username and pwd sent
2021-08-10 15:13:14 DEBUG entered uname and pwd and clicked on login
2021-08-10 15:13:14 ERROR screenshot of the error is taken
2021-08-10 15:15:05 INFO  chrome driver initialized
2021-08-10 15:15:05 INFO  Window maximized
2021-08-10 15:15:10 INFO  URL launched
2021-08-10 15:15:10 INFO  driver & Browser is initialized
2021-08-10 15:15:10 DEBUG clicked on login button
2021-08-10 15:15:11 INFO  Login page title grabed successfully
2021-08-10 15:15:11 DEBUG username and pwd sent
2021-08-10 15:15:11 DEBUG entered uname and pwd and clicked on login
2021-08-10 15:15:11 ERROR screenshot of the error is taken
2021-08-10 15:15:36 INFO  chrome driver initialized
2021-08-10 15:15:36 INFO  Window maximized
2021-08-10 15:15:40 INFO  URL launched
2021-08-10 15:15:40 INFO  driver & Browser is initialized
2021-08-10 15:15:41 DEBUG clicked on login button
2021-08-10 15:15:41 INFO  Login page title grabed successfully
2021-08-10 15:15:42 DEBUG username and pwd sent
2021-08-10 15:15:42 DEBUG entered uname and pwd and clicked on login
2021-08-10 15:15:42 ERROR screenshot of the error is taken
2021-08-10 15:17:17 INFO  chrome driver initialized
2021-08-10 15:17:17 INFO  Window maximized
2021-08-10 15:17:22 INFO  URL launched
2021-08-10 15:17:22 INFO  driver & Browser is initialized
2021-08-10 15:17:23 DEBUG clicked on login button
2021-08-10 15:17:23 INFO  Login page title grabed successfully
2021-08-10 15:17:24 DEBUG username and pwd sent
2021-08-10 15:17:24 DEBUG entered uname and pwd and clicked on login
2021-08-10 15:17:24 ERROR screenshot of the error is taken
2021-08-10 18:24:46 INFO  chrome driver initialized
2021-08-10 18:24:46 INFO  Window maximized
2021-08-10 18:24:50 INFO  URL launched
2021-08-10 18:24:50 INFO  driver & Browser is initialized
2021-08-10 18:24:50 DEBUG clicked on login button
2021-08-10 18:24:51 INFO  Login page title grabed successfully
2021-08-10 18:24:51 DEBUG username and pwd sent
2021-08-10 18:24:51 DEBUG entered uname and pwd and clicked on login
2021-08-10 18:24:53 INFO  Navigated to home page and grabed the title
2021-08-10 18:24:53 DEBUG Moved to all cat
2021-08-10 18:24:53 DEBUG Moved to Parent Cat
2021-08-10 18:24:53 DEBUG Moved to Child Cat
2021-08-10 18:24:53 DEBUG Clicked in child cat
2021-08-10 18:24:53 INFO  PLP page title grabed successfully
2021-08-10 18:25:02 ERROR screenshot of the error is taken
2021-08-10 18:29:53 INFO  chrome driver initialized
2021-08-10 18:29:53 INFO  Window maximized
2021-08-10 18:29:57 INFO  URL launched
2021-08-10 18:29:57 INFO  driver & Browser is initialized
2021-08-10 18:29:58 DEBUG clicked on login button
2021-08-10 18:29:58 INFO  Login page title grabed successfully
2021-08-10 18:29:58 DEBUG username and pwd sent
2021-08-10 18:29:58 DEBUG entered uname and pwd and clicked on login
2021-08-10 18:29:59 INFO  Navigated to home page and grabed the title
2021-08-10 18:29:59 DEBUG Moved to all cat
2021-08-10 18:29:59 DEBUG Moved to Parent Cat
2021-08-10 18:30:00 DEBUG Moved to Child Cat
2021-08-10 18:30:00 DEBUG Clicked in child cat
2021-08-10 18:30:00 INFO  PLP page title grabed successfully
2021-08-10 18:30:05 ERROR screenshot of the error is taken
2021-08-10 18:30:06 INFO  chrome driver initialized
2021-08-10 18:30:06 INFO  Window maximized
2021-08-10 18:30:11 INFO  URL launched
2021-08-10 18:30:11 INFO  driver & Browser is initialized
2021-08-10 18:30:12 DEBUG clicked on login button
2021-08-10 18:30:12 INFO  Login page title grabed successfully
2021-08-10 18:30:13 DEBUG username and pwd sent
2021-08-10 18:30:13 DEBUG entered uname and pwd and clicked on login
2021-08-10 18:30:14 INFO  Navigated to home page and grabed the title
2021-08-10 18:30:14 DEBUG Moved to all cat
2021-08-10 18:30:14 DEBUG Moved to Parent Cat
2021-08-10 18:30:14 DEBUG Moved to Child Cat
2021-08-10 18:30:14 DEBUG Clicked in child cat
2021-08-10 18:30:15 INFO  PLP page title grabed successfully
2021-08-10 18:30:18 ERROR screenshot of the error is taken
2021-08-10 18:54:01 INFO  chrome driver initialized
2021-08-10 18:54:01 INFO  Window maximized
2021-08-10 18:54:06 INFO  URL launched
2021-08-10 18:54:06 INFO  driver & Browser is initialized
2021-08-10 18:54:06 DEBUG clicked on login button
2021-08-10 18:54:07 INFO  Login page title grabed successfully
2021-08-10 18:54:07 DEBUG username and pwd sent
2021-08-10 18:54:07 DEBUG entered uname and pwd and clicked on login
2021-08-10 18:54:08 INFO  Navigated to home page and grabed the title
2021-08-10 18:54:24 ERROR screenshot of the error is taken
2021-08-10 19:05:53 INFO  chrome driver initialized
2021-08-10 19:05:53 INFO  Window maximized
2021-08-10 19:05:58 INFO  URL launched
2021-08-10 19:05:58 INFO  driver & Browser is initialized
2021-08-10 19:05:59 DEBUG clicked on login button
2021-08-10 19:05:59 INFO  Login page title grabed successfully
2021-08-10 19:05:59 DEBUG username and pwd sent
2021-08-10 19:05:59 DEBUG entered uname and pwd and clicked on login
2021-08-10 19:06:00 INFO  Navigated to home page and grabed the title
2021-08-10 19:06:00 DEBUG Moved to all cat
2021-08-10 19:06:01 DEBUG Moved to Parent Cat
2021-08-10 19:06:01 DEBUG Moved to Child Cat
2021-08-10 19:06:01 DEBUG Clicked in child cat
2021-08-10 19:06:01 INFO  PLP page title grabed successfully
2021-08-10 19:06:04 ERROR screenshot of the error is taken
2021-08-10 19:22:26 INFO  chrome driver initialized
2021-08-10 19:22:26 INFO  Window maximized
2021-08-10 19:22:31 INFO  URL launched
2021-08-10 19:22:31 INFO  driver & Browser is initialized
2021-08-10 19:22:32 DEBUG clicked on login button
2021-08-10 19:22:32 INFO  Login page title grabed successfully
2021-08-10 19:22:32 DEBUG username and pwd sent
2021-08-10 19:22:32 DEBUG entered uname and pwd and clicked on login
2021-08-10 19:22:33 INFO  Navigated to home page and grabed the title
2021-08-10 19:22:33 DEBUG Moved to all cat
2021-08-10 19:22:33 DEBUG Moved to Parent Cat
2021-08-10 19:22:34 DEBUG Moved to Child Cat
2021-08-10 19:22:34 DEBUG Clicked in child cat
2021-08-10 19:22:34 INFO  PLP page title grabed successfully
2021-08-10 19:22:34 ERROR screenshot of the error is taken
2021-08-12 18:52:55 INFO  chrome driver initialized
2021-08-12 18:52:55 INFO  Window maximized
2021-08-12 18:52:59 INFO  URL launched
2021-08-12 18:52:59 INFO  driver & Browser is initialized
2021-08-12 18:53:00 INFO  user is on landing page and title is captured
2021-08-12 19:14:21 INFO  chrome driver initialized
2021-08-12 19:14:21 INFO  Window maximized
2021-08-12 19:14:25 INFO  URL launched
2021-08-12 19:14:25 INFO  driver & Browser is initialized
2021-08-12 19:14:25 INFO  user is on landing page and title is captured
2021-08-12 19:14:28 DEBUG all footer url's are validated
2021-08-12 19:14:29 ERROR screenshot of the error is taken
2021-08-13 17:33:33 INFO  Firefox driver initialized
2021-08-13 17:33:33 INFO  Window maximized
2021-08-13 17:33:36 INFO  URL launched
2021-08-13 17:33:36 INFO  driver & Browser is initialized
2021-08-13 17:33:36 INFO  user is on landing page and title is captured
2021-08-13 17:33:39 DEBUG all footer url's are validated
2021-08-13 17:33:39 ERROR screenshot of the error is taken
2021-08-13 17:34:25 INFO  Firefox driver initialized
2021-08-13 17:34:25 INFO  Window maximized
2021-08-13 17:34:28 INFO  URL launched
2021-08-13 17:34:28 INFO  driver & Browser is initialized
2021-08-13 17:34:30 DEBUG clicked on login button
2021-08-13 17:34:30 INFO  Login page title grabed successfully
2021-08-13 17:34:30 DEBUG username and pwd sent
2021-08-13 17:34:31 DEBUG entered uname and pwd and clicked on login
2021-08-13 17:34:32 INFO  Navigated to home page and grabed the title
2021-08-13 17:34:32 DEBUG logged out of application successfully
2021-08-13 17:34:32 ERROR screenshot of the error is taken
2021-08-13 18:00:13 INFO  IE driver initialized
2021-08-13 18:00:13 INFO  Window maximized
